<?xml version="1.0" encoding="UTF-8"?>
<!-- Generated by org.testng.reporters.JUnitReportReporter -->
<testsuite hostname="LAPTOP-3R9BK9SF" failures="0" tests="1" name="testCases.TC_001_AccountRegistration" time="3.917" errors="0" timestamp="2021-12-04T22:49:38 CST" skipped="0">
  <testcase classname="testCases.TC_001_AccountRegistration" name="test_account_Registration" time="3.917"/>
  <system-out/>
</testsuite> <!-- testCases.TC_001_AccountRegistration -->
