<?xml version="1.0" encoding="UTF-8"?>
<!-- Generated by org.testng.reporters.JUnitReportReporter -->
<testsuite hostname="LAPTOP-3R9BK9SF" failures="0" tests="1" name="testCases.TC_002_Login" time="4.573" errors="0" timestamp="2021-10-22T13:43:23 CDT" skipped="0">
  <testcase classname="testCases.TC_002_Login" name="test_Login" time="4.573"/>
  <system-out/>
</testsuite> <!-- testCases.TC_002_Login -->
