<?xml version="1.0" encoding="UTF-8"?>
<!-- Generated by org.testng.reporters.JUnitReportReporter -->
<testsuite hostname="LAPTOP-3R9BK9SF" failures="0" tests="1" name="testCases.practice" time="6.400" errors="0" timestamp="2021-10-23T23:33:53 CDT" skipped="0">
  <testcase classname="testCases.practice" name="locatorTest" time="6.400"/>
  <system-out/>
</testsuite> <!-- testCases.practice -->
