<?xml version="1.0" encoding="UTF-8"?>
<!-- Generated by org.testng.reporters.JUnitReportReporter -->
<testsuite hostname="LAPTOP-3R9BK9SF" failures="0" tests="1" name="testCases.TC_MAI_001_MyAccountInformation" time="5.030" errors="0" timestamp="2021-10-24T21:53:04 CDT" skipped="0">
  <testcase classname="testCases.TC_MAI_001_MyAccountInformation" name="test_MyAccountInformation" time="5.030"/>
  <system-out/>
</testsuite> <!-- testCases.TC_MAI_001_MyAccountInformation -->
