<?xml version="1.0" encoding="UTF-8"?>
<!-- Generated by org.testng.reporters.JUnitReportReporter -->
<testsuite skipped="0" hostname="LAPTOP-3R9BK9SF" name="testCases.TC_001_AccountRegistration" tests="1" failures="0" timestamp="2021-12-04T17:36:06 CST" time="11.234" errors="0">
  <testcase name="test_account_Registration" time="11.234" classname="testCases.TC_001_AccountRegistration"/>
  <system-out/>
</testsuite> <!-- testCases.TC_001_AccountRegistration -->
